
> dentist-panel@0.1.0 build
> next build

   ▲ Next.js 15.5.12
   - Environments: .env.local
   - Experiments (use with caution):
     · clientTraceMetadata

   Creating an optimized production build ...
 ✓ Compiled successfully in 14.5s
   Linting and checking validity of types ...

Failed to compile.

./src/app/(panel)/[slug]/appointments/components/AppointmentCard.tsx
43:55  Warning: 'slotHeight' is defined but never used.  @typescript-eslint/no-unused-vars

./src/app/(panel)/[slug]/appointments/components/AppointmentDrawer.tsx
41:5  Warning: 'doctors' is defined but never used.  @typescript-eslint/no-unused-vars
43:5  Warning: 'onStatusChange' is defined but never used.  @typescript-eslint/no-unused-vars

./src/app/(panel)/[slug]/appointments/components/AppointmentsHeader.tsx
71:11  Warning: 'formatDoctorName' is assigned a value but never used.  @typescript-eslint/no-unused-vars

./src/app/(panel)/[slug]/appointments/components/SchedulerGrid.tsx
8:7  Warning: 'START_HOUR' is assigned a value but never used.  @typescript-eslint/no-unused-vars
9:7  Warning: 'END_HOUR' is assigned a value but never used.  @typescript-eslint/no-unused-vars
12:7  Warning: 'HOUR_HEIGHT_MAP' is assigned a value but never used.  @typescript-eslint/no-unused-vars

./src/app/(panel)/[slug]/appointments/components/WeekView.tsx
23:5  Warning: 'allDoctors' is defined but never used.  @typescript-eslint/no-unused-vars

./src/app/(panel)/[slug]/communication/page.tsx
4:29  Warning: 'AssistantItem' is defined but never used.  @typescript-eslint/no-unused-vars
6:15  Warning: 'RecallQueueItem' is defined but never used.  @typescript-eslint/no-unused-vars
160:76  Error: Unexpected any. Specify a different type.  @typescript-eslint/no-explicit-any
192:41  Error: `"` can be escaped with `&quot;`, `&ldquo;`, `&#34;`, `&rdquo;`.  react/no-unescaped-entities
192:56  Error: `"` can be escaped with `&quot;`, `&ldquo;`, `&#34;`, `&rdquo;`.  react/no-unescaped-entities
220:70  Error: Unexpected any. Specify a different type.  @typescript-eslint/no-explicit-any

./src/app/(panel)/components/CalendarView.tsx
26:5  Warning: 'getDay' is defined but never used.  @typescript-eslint/no-unused-vars
27:5  Warning: 'setHours' is defined but never used.  @typescript-eslint/no-unused-vars
28:5  Warning: 'setMinutes' is defined but never used.  @typescript-eslint/no-unused-vars
123:23  Warning: 'setStartHour' is assigned a value but never used.  @typescript-eslint/no-unused-vars
124:21  Warning: 'setEndHour' is assigned a value but never used.  @typescript-eslint/no-unused-vars

./src/app/(panel)/platform/clinics/manage/page.tsx
7:10  Warning: 'UserRole' is defined but never used.  @typescript-eslint/no-unused-vars
30:10  Warning: 'showAssignAdminModal' is assigned a value but never used.  @typescript-eslint/no-unused-vars
31:10  Warning: 'clinicToAssign' is assigned a value but never used.  @typescript-eslint/no-unused-vars

./src/app/(panel)/platform/clinics/monitoring/page.tsx
39:5  Warning: 'Server' is defined but never used.  @typescript-eslint/no-unused-vars
40:5  Warning: 'ShieldCheck' is defined but never used.  @typescript-eslint/no-unused-vars

./src/app/(panel)/platform/users/page.tsx
24:9  Warning: 'router' is assigned a value but never used.  @typescript-eslint/no-unused-vars
53:6  Warning: React Hook useEffect has a missing dependency: 'fetchData'. Either include it or remove the dependency array.  react-hooks/exhaustive-deps

./src/app/api/users/[userId]/update-clinics/route.ts
8:42  Warning: 'auth' is defined but never used.  @typescript-eslint/no-unused-vars

./src/app/components/admin/AuditLogTab.tsx
178:44  Warning: 'key' is defined but never used.  @typescript-eslint/no-unused-vars

./src/app/components/admin/ClinicSettingsTab.tsx
142:8  Warning: React Hook useEffect has missing dependencies: 'loadChecklistSettings', 'loadDoctorHours', 'loadProfileSettings', and 'loadTreatmentSettings'. Either include them or remove the dependency array.  react-hooks/exhaustive-deps
193:11  Warning: 'handleSaveNotifRules' is assigned a value but never used.  @typescript-eslint/no-unused-vars
314:18  Warning: 'err' is defined but never used.  @typescript-eslint/no-unused-vars
328:18  Warning: 'err' is defined but never used.  @typescript-eslint/no-unused-vars
451:64  Error: Unexpected any. Specify a different type.  @typescript-eslint/no-explicit-any
460:68  Error: Unexpected any. Specify a different type.  @typescript-eslint/no-explicit-any
475:11  Warning: 'toggleEnabled' is assigned a value but never used.  @typescript-eslint/no-unused-vars
480:68  Error: Unexpected any. Specify a different type.  @typescript-eslint/no-explicit-any
532:18  Warning: 'err' is defined but never used.  @typescript-eslint/no-unused-vars
937:97  Error: Unexpected any. Specify a different type.  @typescript-eslint/no-explicit-any
944:97  Error: Unexpected any. Specify a different type.  @typescript-eslint/no-explicit-any
966:88  Error: Unexpected any. Specify a different type.  @typescript-eslint/no-explicit-any
983:93  Error: Unexpected any. Specify a different type.  @typescript-eslint/no-explicit-any
1100:118  Error: Unexpected any. Specify a different type.  @typescript-eslint/no-explicit-any
1143:108  Error: Unexpected any. Specify a different type.  @typescript-eslint/no-explicit-any

./src/app/components/admin/CreateUserModal.tsx
52:24  Warning: 'isClinicalProvider' is defined but never used.  @typescript-eslint/no-unused-vars
52:44  Warning: 'setIsClinicalProvider' is defined but never used.  @typescript-eslint/no-unused-vars

./src/app/components/appointments/AppointmentModal.tsx
84:8  Warning: React Hook React.useEffect has a missing dependency: 'props'. Either include it or remove the dependency array. However, 'props' will change when *any* prop changes, so the preferred fix is to destructure the 'props' object outside of the useEffect call and refer to those specific props inside React.useEffect.  react-hooks/exhaustive-deps

./src/app/components/dashboard/ControlListSection.tsx
4:10  Warning: 'CONTROL_TONE_STYLES' is defined but never used.  @typescript-eslint/no-unused-vars

./src/app/components/dashboard/DashboardAnalytics.tsx
90:8  Warning: React Hook useMemo has a missing dependency: 'gradientPrefix'. Either include it or remove the dependency array.  react-hooks/exhaustive-deps
158:53  Warning: 'i' is defined but never used.  @typescript-eslint/no-unused-vars

./src/app/components/dashboard/QuickPaymentModal.tsx
53:11  Warning: 'setValues' is defined but never used.  @typescript-eslint/no-unused-vars
53:96  Warning: 'checklistItemId' is defined but never used.  @typescript-eslint/no-unused-vars
77:17  Warning: Unused eslint-disable directive (no problems were reported from '@typescript-eslint/no-explicit-any').

./src/app/components/dashboard/SmartAssistantSection.tsx
3:17  Warning: 'useEffect' is defined but never used.  @typescript-eslint/no-unused-vars
14:27  Warning: 'setHighlightedId' is assigned a value but never used.  @typescript-eslint/no-unused-vars

./src/app/components/dashboard/StatCards.tsx
29:11  Warning: 'num' is assigned a value but never used.  @typescript-eslint/no-unused-vars

./src/app/components/dashboard/TreatmentActionModal.tsx
213:11  Warning: 'minDateStr' is assigned a value but never used.  @typescript-eslint/no-unused-vars

./src/app/components/dental/Odontogram3DModal.tsx
94:33  Warning: '_' is assigned a value but never used.  @typescript-eslint/no-unused-vars

./src/app/components/monitoring/AnomalyList.tsx
7:5  Warning: 'AlertTriangle' is defined but never used.  @typescript-eslint/no-unused-vars

./src/app/components/monitoring/ClinicDetailPanel.tsx
12:5  Warning: 'History' is defined but never used.  @typescript-eslint/no-unused-vars

./src/app/components/monitoring/ClinicOverviewTable.tsx
8:5  Warning: 'Filter' is defined but never used.  @typescript-eslint/no-unused-vars
9:5  Warning: 'ArrowUpDown' is defined but never used.  @typescript-eslint/no-unused-vars

./src/app/components/monitoring/FailureTable.tsx
6:5  Warning: 'Search' is defined but never used.  @typescript-eslint/no-unused-vars

./src/app/components/monitoring/MonitoringSummaryCards.tsx
9:5  Warning: 'PauseCircle' is defined but never used.  @typescript-eslint/no-unused-vars

./src/app/components/monitoring/OperationsStatus.tsx
6:5  Warning: 'History' is defined but never used.  @typescript-eslint/no-unused-vars

./src/app/components/patients/AnamnesisSection.tsx
147:25  Warning: '__' is assigned a value but never used.  @typescript-eslint/no-unused-vars
147:40  Warning: '__c' is assigned a value but never used.  @typescript-eslint/no-unused-vars
147:57  Warning: '__p' is assigned a value but never used.  @typescript-eslint/no-unused-vars
147:74  Warning: '__u' is assigned a value but never used.  @typescript-eslint/no-unused-vars
147:91  Warning: '__ub' is assigned a value but never used.  @typescript-eslint/no-unused-vars
176:25  Warning: '__' is assigned a value but never used.  @typescript-eslint/no-unused-vars
176:40  Warning: '__c' is assigned a value but never used.  @typescript-eslint/no-unused-vars
176:57  Warning: '__p' is assigned a value but never used.  @typescript-eslint/no-unused-vars
176:74  Warning: '__u' is assigned a value but never used.  @typescript-eslint/no-unused-vars
176:91  Warning: '__ub' is assigned a value but never used.  @typescript-eslint/no-unused-vars

./src/app/components/patients/PatientDetailModal.tsx
11:15  Warning: 'TeethData' is defined but never used.  @typescript-eslint/no-unused-vars

./src/app/components/payments/PaymentList.tsx
19:11  Warning: 'selectionMode' is assigned a value but never used.  @typescript-eslint/no-unused-vars

./src/app/components/payments/PaymentModals.tsx
105:8  Warning: React Hook useEffect has a missing dependency: 'clinic.clinicId'. Either include it or remove the dependency array.  react-hooks/exhaustive-deps
118:62  Warning: Unused eslint-disable directive (no problems were reported from 'react-hooks/exhaustive-deps').

./src/app/components/platform/clinics/SummaryCards.tsx
10:62  Warning: 'onNewClinicClick' is defined but never used.  @typescript-eslint/no-unused-vars
10:80  Warning: 'compact' is defined but never used.  @typescript-eslint/no-unused-vars

./src/app/components/reports/ReportSections.tsx
121:1  Warning: Unused eslint-disable directive (no problems were reported from '@typescript-eslint/no-explicit-any').

./src/app/components/treatments/CreateTreatmentPlanModal.tsx
213:11  Warning: 'minDateStr' is assigned a value but never used.  @typescript-eslint/no-unused-vars

./src/app/login/page.tsx
24:9  Warning: 'isDemoMode' is assigned a value but never used.  @typescript-eslint/no-unused-vars

./src/app/patients/page.tsx
83:6  Warning: React Hook useEffect has a missing dependency: 'loadPatients'. Either include it or remove the dependency array.  react-hooks/exhaustive-deps

./src/app/payments/page.tsx
163:6  Warning: React Hook useEffect has a missing dependency: 'loadPayments'. Either include it or remove the dependency array.  react-hooks/exhaustive-deps

./src/app/register/page.tsx
13:11  Warning: 'router' is assigned a value but never used.  @typescript-eslint/no-unused-vars
135:8  Warning: React Hook useEffect has a missing dependency: 'error'. Either include it or remove the dependency array.  react-hooks/exhaustive-deps

./src/app/select-clinic/page.tsx
28:16  Warning: 'e' is defined but never used.  @typescript-eslint/no-unused-vars

./src/hooks/useAuditLogs.ts
153:8  Warning: React Hook useEffect has a missing dependency: 'fetchLogs'. Either include it or remove the dependency array.  react-hooks/exhaustive-deps

./src/hooks/useDashboard.tsx
145:8  Warning: React Hook useMemo has unnecessary dependencies: 'clinic.userId' and 'clinic.userRole'. Either exclude them or remove the dependency array.  react-hooks/exhaustive-deps

./src/hooks/usePatients.ts
83:11  Warning: The 'patients' logical expression could make the dependencies of useMemo Hook (at line 101) change on every render. To fix this, wrap the initialization of 'patients' in its own useMemo() Hook.  react-hooks/exhaustive-deps

./src/hooks/usePaymentManagement.ts
183:69  Warning: 'amount' is assigned a value but never used.  @typescript-eslint/no-unused-vars
183:77  Warning: 'method' is assigned a value but never used.  @typescript-eslint/no-unused-vars
183:85  Warning: 'status' is assigned a value but never used.  @typescript-eslint/no-unused-vars
183:93  Warning: 'note' is assigned a value but never used.  @typescript-eslint/no-unused-vars

info  - Need to disable some ESLint rules? Learn more here: https://nextjs.org/docs/app/api-reference/config/eslint#disabling-rules
